{"/Users/celiastabile/Desktop/minigames/minigames/src/App.tsx": {"path":"/Users/celiastabile/Desktop/minigames/minigames/src/App.tsx","all":true,"statementMap":{"0":{"start":{"line":1,"column":0},"end":{"line":1,"column":42}},"1":{"start":{"line":2,"column":0},"end":{"line":2,"column":41}},"2":{"start":{"line":3,"column":0},"end":{"line":3,"column":51}},"4":{"start":{"line":5,"column":0},"end":{"line":5,"column":31}},"5":{"start":{"line":6,"column":0},"end":{"line":6,"column":10}},"6":{"start":{"line":7,"column":0},"end":{"line":7,"column":9}},"7":{"start":{"line":8,"column":0},"end":{"line":8,"column":21}},"8":{"start":{"line":9,"column":0},"end":{"line":9,"column":16}},"9":{"start":{"line":10,"column":0},"end":{"line":10,"column":12}},"10":{"start":{"line":11,"column":0},"end":{"line":11,"column":18}},"11":{"start":{"line":12,"column":0},"end":{"line":12,"column":13}},"12":{"start":{"line":13,"column":0},"end":{"line":13,"column":74}},"13":{"start":{"line":14,"column":0},"end":{"line":14,"column":10}},"15":{"start":{"line":16,"column":0},"end":{"line":16,"column":1}}},"s":{"0":0,"1":0,"2":0,"4":0,"5":0,"6":0,"7":0,"8":0,"9":0,"10":0,"11":0,"12":0,"13":0,"15":0},"branchMap":{"0":{"type":"branch","line":1,"loc":{"start":{"line":1,"column":368},"end":{"line":16,"column":1}},"locations":[{"start":{"line":1,"column":368},"end":{"line":16,"column":1}}]}},"b":{"0":[0]},"fnMap":{"0":{"name":"(empty-report)","decl":{"start":{"line":1,"column":368},"end":{"line":16,"column":1}},"loc":{"start":{"line":1,"column":368},"end":{"line":16,"column":1}},"line":1}},"f":{"0":0}}
,"/Users/celiastabile/Desktop/minigames/minigames/src/components/Banner.tsx": {"path":"/Users/celiastabile/Desktop/minigames/minigames/src/components/Banner.tsx","all":true,"statementMap":{"0":{"start":{"line":1,"column":0},"end":{"line":1,"column":24}},"2":{"start":{"line":3,"column":0},"end":{"line":3,"column":37}},"3":{"start":{"line":4,"column":0},"end":{"line":4,"column":34}},"15":{"start":{"line":16,"column":0},"end":{"line":16,"column":124}},"17":{"start":{"line":18,"column":0},"end":{"line":18,"column":10}},"18":{"start":{"line":19,"column":0},"end":{"line":19,"column":12}},"19":{"start":{"line":20,"column":0},"end":{"line":20,"column":22}},"20":{"start":{"line":21,"column":0},"end":{"line":21,"column":65}},"21":{"start":{"line":22,"column":0},"end":{"line":22,"column":108}},"22":{"start":{"line":23,"column":0},"end":{"line":23,"column":17}},"23":{"start":{"line":24,"column":0},"end":{"line":24,"column":8}},"25":{"start":{"line":26,"column":0},"end":{"line":26,"column":43}},"26":{"start":{"line":27,"column":0},"end":{"line":27,"column":79}},"27":{"start":{"line":28,"column":0},"end":{"line":28,"column":45}},"28":{"start":{"line":29,"column":0},"end":{"line":29,"column":46}},"29":{"start":{"line":30,"column":0},"end":{"line":30,"column":12}},"30":{"start":{"line":31,"column":0},"end":{"line":31,"column":17}},"31":{"start":{"line":32,"column":0},"end":{"line":32,"column":100}},"32":{"start":{"line":33,"column":0},"end":{"line":33,"column":19}},"33":{"start":{"line":34,"column":0},"end":{"line":34,"column":33}},"34":{"start":{"line":35,"column":0},"end":{"line":35,"column":37}},"35":{"start":{"line":36,"column":0},"end":{"line":36,"column":33}},"36":{"start":{"line":37,"column":0},"end":{"line":37,"column":12}},"37":{"start":{"line":38,"column":0},"end":{"line":38,"column":19}},"38":{"start":{"line":39,"column":0},"end":{"line":39,"column":29}},"39":{"start":{"line":40,"column":0},"end":{"line":40,"column":34}},"40":{"start":{"line":41,"column":0},"end":{"line":41,"column":29}},"41":{"start":{"line":42,"column":0},"end":{"line":42,"column":12}},"47":{"start":{"line":48,"column":0},"end":{"line":48,"column":14}},"49":{"start":{"line":50,"column":0},"end":{"line":50,"column":14}},"51":{"start":{"line":52,"column":0},"end":{"line":52,"column":1}}},"s":{"0":0,"2":0,"3":0,"15":0,"17":0,"18":0,"19":0,"20":0,"21":0,"22":0,"23":0,"25":0,"26":0,"27":0,"28":0,"29":0,"30":0,"31":0,"32":0,"33":0,"34":0,"35":0,"36":0,"37":0,"38":0,"39":0,"40":0,"41":0,"47":0,"49":0,"51":0},"branchMap":{"0":{"type":"branch","line":1,"loc":{"start":{"line":1,"column":1501},"end":{"line":52,"column":1}},"locations":[{"start":{"line":1,"column":1501},"end":{"line":52,"column":1}}]}},"b":{"0":[0]},"fnMap":{"0":{"name":"(empty-report)","decl":{"start":{"line":1,"column":1501},"end":{"line":52,"column":1}},"loc":{"start":{"line":1,"column":1501},"end":{"line":52,"column":1}},"line":1}},"f":{"0":0}}
,"/Users/celiastabile/Desktop/minigames/minigames/src/components/EndOfGameAnim.tsx": {"path":"/Users/celiastabile/Desktop/minigames/minigames/src/components/EndOfGameAnim.tsx","all":false,"statementMap":{"1":{"start":{"line":2,"column":0},"end":{"line":2,"column":24}},"13":{"start":{"line":14,"column":0},"end":{"line":14,"column":39}},"14":{"start":{"line":15,"column":0},"end":{"line":15,"column":13}},"15":{"start":{"line":16,"column":0},"end":{"line":16,"column":12}},"16":{"start":{"line":17,"column":0},"end":{"line":17,"column":24}},"17":{"start":{"line":18,"column":0},"end":{"line":18,"column":10}},"18":{"start":{"line":19,"column":0},"end":{"line":19,"column":31}},"19":{"start":{"line":20,"column":0},"end":{"line":20,"column":36}},"20":{"start":{"line":21,"column":0},"end":{"line":21,"column":10}},"21":{"start":{"line":22,"column":0},"end":{"line":22,"column":45}},"22":{"start":{"line":23,"column":0},"end":{"line":23,"column":26}},"23":{"start":{"line":24,"column":0},"end":{"line":24,"column":84}},"25":{"start":{"line":26,"column":0},"end":{"line":26,"column":51}},"26":{"start":{"line":27,"column":0},"end":{"line":27,"column":12}},"28":{"start":{"line":29,"column":0},"end":{"line":29,"column":61}},"29":{"start":{"line":30,"column":0},"end":{"line":30,"column":12}},"31":{"start":{"line":32,"column":0},"end":{"line":32,"column":10}},"33":{"start":{"line":34,"column":0},"end":{"line":34,"column":1}}},"s":{"1":1,"13":48,"14":48,"15":48,"16":48,"17":48,"18":48,"19":48,"20":3,"21":3,"22":3,"23":3,"25":3,"26":3,"28":3,"29":3,"31":48,"33":48},"branchMap":{"0":{"type":"branch","line":14,"loc":{"start":{"line":14,"column":0},"end":{"line":34,"column":1}},"locations":[{"start":{"line":14,"column":0},"end":{"line":34,"column":1}}]},"1":{"type":"branch","line":20,"loc":{"start":{"line":20,"column":22},"end":{"line":30,"column":12}},"locations":[{"start":{"line":20,"column":22},"end":{"line":30,"column":12}}]},"2":{"type":"branch","line":26,"loc":{"start":{"line":26,"column":27},"end":{"line":26,"column":51}},"locations":[{"start":{"line":26,"column":27},"end":{"line":26,"column":51}}]},"3":{"type":"branch","line":29,"loc":{"start":{"line":29,"column":26},"end":{"line":29,"column":47}},"locations":[{"start":{"line":29,"column":26},"end":{"line":29,"column":47}}]},"4":{"type":"branch","line":29,"loc":{"start":{"line":29,"column":34},"end":{"line":29,"column":61}},"locations":[{"start":{"line":29,"column":34},"end":{"line":29,"column":61}}]}},"b":{"0":[48],"1":[3],"2":[1],"3":[2],"4":[1]},"fnMap":{"0":{"name":"EndOfGameAnim","decl":{"start":{"line":14,"column":0},"end":{"line":34,"column":1}},"loc":{"start":{"line":14,"column":0},"end":{"line":34,"column":1}},"line":14}},"f":{"0":48}}
,"/Users/celiastabile/Desktop/minigames/minigames/src/components/GameCard.tsx": {"path":"/Users/celiastabile/Desktop/minigames/minigames/src/components/GameCard.tsx","all":true,"statementMap":{"1":{"start":{"line":2,"column":0},"end":{"line":2,"column":37}},"9":{"start":{"line":10,"column":0},"end":{"line":10,"column":73}},"10":{"start":{"line":11,"column":0},"end":{"line":11,"column":18}},"11":{"start":{"line":12,"column":0},"end":{"line":12,"column":18}},"12":{"start":{"line":13,"column":0},"end":{"line":13,"column":15}},"13":{"start":{"line":14,"column":0},"end":{"line":14,"column":4}},"15":{"start":{"line":16,"column":0},"end":{"line":16,"column":10}},"16":{"start":{"line":17,"column":0},"end":{"line":17,"column":112}},"17":{"start":{"line":18,"column":0},"end":{"line":18,"column":63}},"18":{"start":{"line":19,"column":0},"end":{"line":19,"column":25}},"19":{"start":{"line":20,"column":0},"end":{"line":20,"column":32}},"20":{"start":{"line":21,"column":0},"end":{"line":21,"column":10}},"22":{"start":{"line":23,"column":0},"end":{"line":23,"column":1}}},"s":{"1":0,"9":0,"10":0,"11":0,"12":0,"13":0,"15":0,"16":0,"17":0,"18":0,"19":0,"20":0,"22":0},"branchMap":{"0":{"type":"branch","line":1,"loc":{"start":{"line":1,"column":542},"end":{"line":23,"column":1}},"locations":[{"start":{"line":1,"column":542},"end":{"line":23,"column":1}}]}},"b":{"0":[1]},"fnMap":{"0":{"name":"(empty-report)","decl":{"start":{"line":1,"column":542},"end":{"line":23,"column":1}},"loc":{"start":{"line":1,"column":542},"end":{"line":23,"column":1}},"line":1}},"f":{"0":1}}
,"/Users/celiastabile/Desktop/minigames/minigames/src/components/Navbar.tsx": {"path":"/Users/celiastabile/Desktop/minigames/minigames/src/components/Navbar.tsx","all":true,"statementMap":{"0":{"start":{"line":1,"column":0},"end":{"line":1,"column":40}},"2":{"start":{"line":3,"column":0},"end":{"line":3,"column":34}},"3":{"start":{"line":4,"column":0},"end":{"line":4,"column":12}},"4":{"start":{"line":5,"column":0},"end":{"line":5,"column":60}},"5":{"start":{"line":6,"column":0},"end":{"line":6,"column":21}},"6":{"start":{"line":7,"column":0},"end":{"line":7,"column":83}},"7":{"start":{"line":8,"column":0},"end":{"line":8,"column":15}},"8":{"start":{"line":9,"column":0},"end":{"line":9,"column":13}},"9":{"start":{"line":10,"column":0},"end":{"line":10,"column":40}},"10":{"start":{"line":11,"column":0},"end":{"line":11,"column":14}},"11":{"start":{"line":12,"column":0},"end":{"line":12,"column":12}},"13":{"start":{"line":14,"column":0},"end":{"line":14,"column":1}}},"s":{"0":0,"2":0,"3":0,"4":0,"5":0,"6":0,"7":0,"8":0,"9":0,"10":0,"11":0,"13":0},"branchMap":{"0":{"type":"branch","line":1,"loc":{"start":{"line":1,"column":364},"end":{"line":14,"column":1}},"locations":[{"start":{"line":1,"column":364},"end":{"line":14,"column":1}}]}},"b":{"0":[0]},"fnMap":{"0":{"name":"(empty-report)","decl":{"start":{"line":1,"column":364},"end":{"line":14,"column":1}},"loc":{"start":{"line":1,"column":364},"end":{"line":14,"column":1}},"line":1}},"f":{"0":0}}
,"/Users/celiastabile/Desktop/minigames/minigames/src/components/ScrollToTop.tsx": {"path":"/Users/celiastabile/Desktop/minigames/minigames/src/components/ScrollToTop.tsx","all":true,"statementMap":{"0":{"start":{"line":1,"column":0},"end":{"line":1,"column":34}},"1":{"start":{"line":2,"column":0},"end":{"line":2,"column":47}},"3":{"start":{"line":4,"column":0},"end":{"line":4,"column":39}},"4":{"start":{"line":5,"column":0},"end":{"line":5,"column":37}},"6":{"start":{"line":7,"column":0},"end":{"line":7,"column":19}},"7":{"start":{"line":8,"column":0},"end":{"line":8,"column":52}},"8":{"start":{"line":9,"column":0},"end":{"line":9,"column":17}},"10":{"start":{"line":11,"column":0},"end":{"line":11,"column":14}},"11":{"start":{"line":12,"column":0},"end":{"line":12,"column":1}}},"s":{"0":0,"1":0,"3":0,"4":0,"6":0,"7":0,"8":0,"10":0,"11":0},"branchMap":{"0":{"type":"branch","line":1,"loc":{"start":{"line":1,"column":271},"end":{"line":12,"column":1}},"locations":[{"start":{"line":1,"column":271},"end":{"line":12,"column":1}}]}},"b":{"0":[0]},"fnMap":{"0":{"name":"(empty-report)","decl":{"start":{"line":1,"column":271},"end":{"line":12,"column":1}},"loc":{"start":{"line":1,"column":271},"end":{"line":12,"column":1}},"line":1}},"f":{"0":0}}
,"/Users/celiastabile/Desktop/minigames/minigames/src/components/Button/Button.tsx": {"path":"/Users/celiastabile/Desktop/minigames/minigames/src/components/Button/Button.tsx","all":false,"statementMap":{"0":{"start":{"line":1,"column":0},"end":{"line":1,"column":40}},"1":{"start":{"line":2,"column":0},"end":{"line":2,"column":42}},"3":{"start":{"line":4,"column":0},"end":{"line":4,"column":24}},"12":{"start":{"line":13,"column":0},"end":{"line":13,"column":68}},"13":{"start":{"line":14,"column":0},"end":{"line":14,"column":40}},"15":{"start":{"line":16,"column":0},"end":{"line":16,"column":10}},"16":{"start":{"line":17,"column":0},"end":{"line":17,"column":6}},"17":{"start":{"line":18,"column":0},"end":{"line":18,"column":15}},"18":{"start":{"line":19,"column":0},"end":{"line":19,"column":24}},"19":{"start":{"line":20,"column":0},"end":{"line":20,"column":66}},"20":{"start":{"line":21,"column":0},"end":{"line":21,"column":53}},"21":{"start":{"line":22,"column":0},"end":{"line":22,"column":19}},"22":{"start":{"line":23,"column":0},"end":{"line":23,"column":15}},"24":{"start":{"line":25,"column":0},"end":{"line":25,"column":15}},"25":{"start":{"line":26,"column":0},"end":{"line":26,"column":57}},"26":{"start":{"line":27,"column":0},"end":{"line":27,"column":27}},"28":{"start":{"line":29,"column":0},"end":{"line":29,"column":51}},"29":{"start":{"line":30,"column":0},"end":{"line":30,"column":17}},"31":{"start":{"line":32,"column":0},"end":{"line":32,"column":7}},"34":{"start":{"line":35,"column":0},"end":{"line":35,"column":1}}},"s":{"0":1,"1":1,"3":1,"12":48,"13":48,"15":48,"16":48,"17":48,"18":0,"19":0,"20":0,"21":0,"22":0,"24":48,"25":48,"26":48,"28":48,"29":48,"31":48,"34":48},"branchMap":{"0":{"type":"branch","line":13,"loc":{"start":{"line":13,"column":0},"end":{"line":35,"column":1}},"locations":[{"start":{"line":13,"column":0},"end":{"line":35,"column":1}}]},"1":{"type":"branch","line":18,"loc":{"start":{"line":18,"column":7},"end":{"line":23,"column":15}},"locations":[{"start":{"line":18,"column":7},"end":{"line":23,"column":15}}]}},"b":{"0":[48],"1":[0]},"fnMap":{"0":{"name":"Button","decl":{"start":{"line":13,"column":0},"end":{"line":35,"column":1}},"loc":{"start":{"line":13,"column":0},"end":{"line":35,"column":1}},"line":13}},"f":{"0":48}}
,"/Users/celiastabile/Desktop/minigames/minigames/src/games/Hangman/Drawing.tsx": {"path":"/Users/celiastabile/Desktop/minigames/minigames/src/games/Hangman/Drawing.tsx","all":false,"statementMap":{"0":{"start":{"line":1,"column":0},"end":{"line":1,"column":24}},"10":{"start":{"line":11,"column":0},"end":{"line":11,"column":70}},"12":{"start":{"line":13,"column":0},"end":{"line":13,"column":10}},"13":{"start":{"line":14,"column":0},"end":{"line":14,"column":80}},"14":{"start":{"line":15,"column":0},"end":{"line":15,"column":77}},"15":{"start":{"line":16,"column":0},"end":{"line":16,"column":10}},"18":{"start":{"line":19,"column":0},"end":{"line":19,"column":1}}},"s":{"0":1,"10":20,"12":20,"13":20,"14":20,"15":20,"18":20},"branchMap":{"0":{"type":"branch","line":11,"loc":{"start":{"line":11,"column":0},"end":{"line":19,"column":1}},"locations":[{"start":{"line":11,"column":0},"end":{"line":19,"column":1}}]}},"b":{"0":[20]},"fnMap":{"0":{"name":"Drawing","decl":{"start":{"line":11,"column":0},"end":{"line":19,"column":1}},"loc":{"start":{"line":11,"column":0},"end":{"line":19,"column":1}},"line":11}},"f":{"0":20}}
,"/Users/celiastabile/Desktop/minigames/minigames/src/games/Hangman/Hangman.tsx": {"path":"/Users/celiastabile/Desktop/minigames/minigames/src/games/Hangman/Hangman.tsx","all":false,"statementMap":{"0":{"start":{"line":1,"column":0},"end":{"line":1,"column":44}},"1":{"start":{"line":2,"column":0},"end":{"line":2,"column":51}},"2":{"start":{"line":3,"column":0},"end":{"line":3,"column":40}},"3":{"start":{"line":4,"column":0},"end":{"line":4,"column":34}},"4":{"start":{"line":5,"column":0},"end":{"line":5,"column":32}},"5":{"start":{"line":6,"column":0},"end":{"line":6,"column":52}},"7":{"start":{"line":8,"column":0},"end":{"line":8,"column":59}},"10":{"start":{"line":11,"column":0},"end":{"line":11,"column":63}},"11":{"start":{"line":12,"column":0},"end":{"line":12,"column":69}},"12":{"start":{"line":13,"column":0},"end":{"line":13,"column":63}},"13":{"start":{"line":14,"column":0},"end":{"line":14,"column":1}},"15":{"start":{"line":16,"column":0},"end":{"line":16,"column":35}},"16":{"start":{"line":17,"column":0},"end":{"line":17,"column":47}},"18":{"start":{"line":19,"column":0},"end":{"line":19,"column":26}},"21":{"start":{"line":22,"column":0},"end":{"line":22,"column":68}},"24":{"start":{"line":25,"column":0},"end":{"line":25,"column":50}},"27":{"start":{"line":28,"column":0},"end":{"line":28,"column":70}},"30":{"start":{"line":31,"column":0},"end":{"line":31,"column":69}},"32":{"start":{"line":33,"column":0},"end":{"line":33,"column":18}},"33":{"start":{"line":34,"column":0},"end":{"line":34,"column":23}},"34":{"start":{"line":35,"column":0},"end":{"line":35,"column":34}},"35":{"start":{"line":36,"column":0},"end":{"line":36,"column":4}},"37":{"start":{"line":38,"column":0},"end":{"line":38,"column":63}},"40":{"start":{"line":41,"column":0},"end":{"line":41,"column":46}},"41":{"start":{"line":42,"column":0},"end":{"line":42,"column":48}},"44":{"start":{"line":45,"column":0},"end":{"line":45,"column":77}},"45":{"start":{"line":46,"column":0},"end":{"line":46,"column":25}},"47":{"start":{"line":48,"column":0},"end":{"line":48,"column":50}},"48":{"start":{"line":49,"column":0},"end":{"line":49,"column":64}},"49":{"start":{"line":50,"column":0},"end":{"line":50,"column":8}},"51":{"start":{"line":52,"column":0},"end":{"line":52,"column":33}},"52":{"start":{"line":53,"column":0},"end":{"line":53,"column":12}},"53":{"start":{"line":54,"column":0},"end":{"line":54,"column":40}},"54":{"start":{"line":55,"column":0},"end":{"line":55,"column":5}},"55":{"start":{"line":56,"column":0},"end":{"line":56,"column":3}},"58":{"start":{"line":59,"column":0},"end":{"line":59,"column":19}},"59":{"start":{"line":60,"column":0},"end":{"line":60,"column":69}},"61":{"start":{"line":62,"column":0},"end":{"line":62,"column":25}},"62":{"start":{"line":63,"column":0},"end":{"line":63,"column":28}},"63":{"start":{"line":64,"column":0},"end":{"line":64,"column":29}},"64":{"start":{"line":65,"column":0},"end":{"line":65,"column":5}},"65":{"start":{"line":66,"column":0},"end":{"line":66,"column":31}},"68":{"start":{"line":69,"column":0},"end":{"line":69,"column":35}},"69":{"start":{"line":70,"column":0},"end":{"line":70,"column":23}},"70":{"start":{"line":71,"column":0},"end":{"line":71,"column":21}},"71":{"start":{"line":72,"column":0},"end":{"line":72,"column":29}},"72":{"start":{"line":73,"column":0},"end":{"line":73,"column":28}},"73":{"start":{"line":74,"column":0},"end":{"line":74,"column":34}},"74":{"start":{"line":75,"column":0},"end":{"line":75,"column":3}},"76":{"start":{"line":77,"column":0},"end":{"line":77,"column":10}},"77":{"start":{"line":78,"column":0},"end":{"line":78,"column":34}},"78":{"start":{"line":79,"column":0},"end":{"line":79,"column":113}},"79":{"start":{"line":80,"column":0},"end":{"line":80,"column":59}},"80":{"start":{"line":81,"column":0},"end":{"line":81,"column":12}},"81":{"start":{"line":82,"column":0},"end":{"line":82,"column":120}},"82":{"start":{"line":83,"column":0},"end":{"line":83,"column":20}},"83":{"start":{"line":84,"column":0},"end":{"line":84,"column":35}},"84":{"start":{"line":85,"column":0},"end":{"line":85,"column":27}},"85":{"start":{"line":86,"column":0},"end":{"line":86,"column":26}},"86":{"start":{"line":87,"column":0},"end":{"line":87,"column":10}},"88":{"start":{"line":89,"column":0},"end":{"line":89,"column":17}},"89":{"start":{"line":90,"column":0},"end":{"line":90,"column":37}},"90":{"start":{"line":91,"column":0},"end":{"line":91,"column":35}},"91":{"start":{"line":92,"column":0},"end":{"line":92,"column":33}},"92":{"start":{"line":93,"column":0},"end":{"line":93,"column":31}},"93":{"start":{"line":94,"column":0},"end":{"line":94,"column":10}},"94":{"start":{"line":95,"column":0},"end":{"line":95,"column":60}},"95":{"start":{"line":96,"column":0},"end":{"line":96,"column":12}},"96":{"start":{"line":97,"column":0},"end":{"line":97,"column":47}},"97":{"start":{"line":98,"column":0},"end":{"line":98,"column":14}},"99":{"start":{"line":100,"column":0},"end":{"line":100,"column":1}}},"s":{"0":1,"1":1,"2":1,"3":1,"4":1,"5":1,"7":1,"10":6,"11":6,"12":6,"13":6,"15":20,"16":20,"18":20,"21":20,"24":20,"27":20,"30":20,"32":20,"33":20,"34":20,"35":20,"37":20,"40":20,"41":12,"44":12,"45":12,"47":3,"48":9,"49":3,"51":3,"52":12,"53":9,"54":9,"55":12,"58":20,"59":18,"61":18,"62":1,"63":1,"64":1,"65":20,"68":20,"69":1,"70":1,"71":1,"72":1,"73":1,"74":1,"76":20,"77":20,"78":20,"79":20,"80":20,"81":20,"82":20,"83":20,"84":20,"85":20,"86":20,"88":20,"89":20,"90":20,"91":20,"92":20,"93":20,"94":20,"95":20,"96":20,"97":20,"99":20},"branchMap":{"0":{"type":"branch","line":11,"loc":{"start":{"line":11,"column":0},"end":{"line":14,"column":1}},"locations":[{"start":{"line":11,"column":0},"end":{"line":14,"column":1}}]},"1":{"type":"branch","line":13,"loc":{"start":{"line":13,"column":23},"end":{"line":13,"column":61}},"locations":[{"start":{"line":13,"column":23},"end":{"line":13,"column":61}}]},"2":{"type":"branch","line":16,"loc":{"start":{"line":16,"column":0},"end":{"line":100,"column":1}},"locations":[{"start":{"line":16,"column":0},"end":{"line":100,"column":1}}]},"3":{"type":"branch","line":19,"loc":{"start":{"line":19,"column":4},"end":{"line":19,"column":24}},"locations":[{"start":{"line":19,"column":4},"end":{"line":19,"column":24}}]},"4":{"type":"branch","line":41,"loc":{"start":{"line":41,"column":2},"end":{"line":56,"column":3}},"locations":[{"start":{"line":41,"column":2},"end":{"line":56,"column":3}}]},"5":{"type":"branch","line":46,"loc":{"start":{"line":46,"column":24},"end":{"line":53,"column":11}},"locations":[{"start":{"line":46,"column":24},"end":{"line":53,"column":11}}]},"6":{"type":"branch","line":53,"loc":{"start":{"line":53,"column":4},"end":{"line":55,"column":5}},"locations":[{"start":{"line":53,"column":4},"end":{"line":55,"column":5}}]},"7":{"type":"branch","line":42,"loc":{"start":{"line":42,"column":19},"end":{"line":42,"column":46}},"locations":[{"start":{"line":42,"column":19},"end":{"line":42,"column":46}}]},"8":{"type":"branch","line":45,"loc":{"start":{"line":45,"column":43},"end":{"line":45,"column":75}},"locations":[{"start":{"line":45,"column":43},"end":{"line":45,"column":75}}]},"9":{"type":"branch","line":48,"loc":{"start":{"line":48,"column":41},"end":{"line":49,"column":64}},"locations":[{"start":{"line":48,"column":41},"end":{"line":49,"column":64}}]},"10":{"type":"branch","line":49,"loc":{"start":{"line":49,"column":24},"end":{"line":49,"column":60}},"locations":[{"start":{"line":49,"column":24},"end":{"line":49,"column":60}}]},"11":{"type":"branch","line":49,"loc":{"start":{"line":49,"column":56},"end":{"line":49,"column":64}},"locations":[{"start":{"line":49,"column":56},"end":{"line":49,"column":64}}]},"12":{"type":"branch","line":54,"loc":{"start":{"line":54,"column":20},"end":{"line":54,"column":38}},"locations":[{"start":{"line":54,"column":20},"end":{"line":54,"column":38}}]},"13":{"type":"branch","line":59,"loc":{"start":{"line":59,"column":12},"end":{"line":66,"column":5}},"locations":[{"start":{"line":59,"column":12},"end":{"line":66,"column":5}}]},"14":{"type":"branch","line":60,"loc":{"start":{"line":60,"column":48},"end":{"line":60,"column":69}},"locations":[{"start":{"line":60,"column":48},"end":{"line":60,"column":69}}]},"15":{"type":"branch","line":62,"loc":{"start":{"line":62,"column":24},"end":{"line":65,"column":5}},"locations":[{"start":{"line":62,"column":24},"end":{"line":65,"column":5}}]},"16":{"type":"branch","line":60,"loc":{"start":{"line":60,"column":25},"end":{"line":60,"column":45}},"locations":[{"start":{"line":60,"column":25},"end":{"line":60,"column":45}}]},"17":{"type":"branch","line":69,"loc":{"start":{"line":69,"column":2},"end":{"line":75,"column":3}},"locations":[{"start":{"line":69,"column":2},"end":{"line":75,"column":3}}]}},"b":{"0":[6],"1":[18],"2":[20],"3":[5],"4":[12],"5":[3],"6":[9],"7":[12],"8":[33],"9":[9],"10":[3],"11":[6],"12":[9],"13":[18],"14":[1],"15":[1],"16":[23],"17":[1]},"fnMap":{"0":{"name":"generateWord","decl":{"start":{"line":11,"column":0},"end":{"line":14,"column":1}},"loc":{"start":{"line":11,"column":0},"end":{"line":14,"column":1}},"line":11},"1":{"name":"Hangman","decl":{"start":{"line":16,"column":0},"end":{"line":100,"column":1}},"loc":{"start":{"line":16,"column":0},"end":{"line":100,"column":1}},"line":16},"2":{"name":"handleLetterClick","decl":{"start":{"line":41,"column":2},"end":{"line":56,"column":3}},"loc":{"start":{"line":41,"column":2},"end":{"line":56,"column":3}},"line":41},"3":{"name":"handlePlayAgainClick","decl":{"start":{"line":69,"column":2},"end":{"line":75,"column":3}},"loc":{"start":{"line":69,"column":2},"end":{"line":75,"column":3}},"line":69}},"f":{"0":6,"1":20,"2":12,"3":1}}
,"/Users/celiastabile/Desktop/minigames/minigames/src/games/Hangman/HangmanWord.tsx": {"path":"/Users/celiastabile/Desktop/minigames/minigames/src/games/Hangman/HangmanWord.tsx","all":false,"statementMap":{"0":{"start":{"line":1,"column":0},"end":{"line":1,"column":24}},"8":{"start":{"line":9,"column":0},"end":{"line":9,"column":87}},"11":{"start":{"line":12,"column":0},"end":{"line":12,"column":12}},"12":{"start":{"line":13,"column":0},"end":{"line":13,"column":94}},"13":{"start":{"line":14,"column":0},"end":{"line":14,"column":36}},"14":{"start":{"line":15,"column":0},"end":{"line":15,"column":98}},"15":{"start":{"line":16,"column":0},"end":{"line":16,"column":41}},"16":{"start":{"line":17,"column":0},"end":{"line":17,"column":58}},"17":{"start":{"line":18,"column":0},"end":{"line":18,"column":18}},"18":{"start":{"line":19,"column":0},"end":{"line":19,"column":71}},"19":{"start":{"line":20,"column":0},"end":{"line":20,"column":16}},"20":{"start":{"line":21,"column":0},"end":{"line":21,"column":11}},"21":{"start":{"line":22,"column":0},"end":{"line":22,"column":16}},"24":{"start":{"line":25,"column":0},"end":{"line":25,"column":1}}},"s":{"0":1,"8":21,"11":21,"12":21,"13":21,"14":63,"15":63,"16":63,"17":63,"18":63,"19":63,"20":21,"21":21,"24":21},"branchMap":{"0":{"type":"branch","line":9,"loc":{"start":{"line":9,"column":0},"end":{"line":25,"column":1}},"locations":[{"start":{"line":9,"column":0},"end":{"line":25,"column":1}}]},"1":{"type":"branch","line":14,"loc":{"start":{"line":14,"column":18},"end":{"line":20,"column":16}},"locations":[{"start":{"line":14,"column":18},"end":{"line":20,"column":16}}]},"2":{"type":"branch","line":17,"loc":{"start":{"line":17,"column":20},"end":{"line":17,"column":41}},"locations":[{"start":{"line":17,"column":20},"end":{"line":17,"column":41}}]},"3":{"type":"branch","line":17,"loc":{"start":{"line":17,"column":29},"end":{"line":17,"column":55}},"locations":[{"start":{"line":17,"column":29},"end":{"line":17,"column":55}}]},"4":{"type":"branch","line":17,"loc":{"start":{"line":17,"column":46},"end":{"line":17,"column":58}},"locations":[{"start":{"line":17,"column":46},"end":{"line":17,"column":58}}]}},"b":{"0":[21],"1":[63],"2":[53],"3":[13],"4":[50]},"fnMap":{"0":{"name":"HangmanWord","decl":{"start":{"line":9,"column":0},"end":{"line":25,"column":1}},"loc":{"start":{"line":9,"column":0},"end":{"line":25,"column":1}},"line":9}},"f":{"0":21}}
,"/Users/celiastabile/Desktop/minigames/minigames/src/games/Hangman/Keyboard.tsx": {"path":"/Users/celiastabile/Desktop/minigames/minigames/src/games/Hangman/Keyboard.tsx","all":false,"statementMap":{"0":{"start":{"line":1,"column":0},"end":{"line":1,"column":24}},"10":{"start":{"line":11,"column":0},"end":{"line":11,"column":18}},"11":{"start":{"line":12,"column":0},"end":{"line":12,"column":6}},"12":{"start":{"line":13,"column":0},"end":{"line":13,"column":6}},"13":{"start":{"line":14,"column":0},"end":{"line":14,"column":6}},"14":{"start":{"line":15,"column":0},"end":{"line":15,"column":6}},"15":{"start":{"line":16,"column":0},"end":{"line":16,"column":6}},"16":{"start":{"line":17,"column":0},"end":{"line":17,"column":6}},"17":{"start":{"line":18,"column":0},"end":{"line":18,"column":6}},"18":{"start":{"line":19,"column":0},"end":{"line":19,"column":6}},"19":{"start":{"line":20,"column":0},"end":{"line":20,"column":6}},"20":{"start":{"line":21,"column":0},"end":{"line":21,"column":6}},"21":{"start":{"line":22,"column":0},"end":{"line":22,"column":6}},"22":{"start":{"line":23,"column":0},"end":{"line":23,"column":6}},"23":{"start":{"line":24,"column":0},"end":{"line":24,"column":6}},"24":{"start":{"line":25,"column":0},"end":{"line":25,"column":6}},"25":{"start":{"line":26,"column":0},"end":{"line":26,"column":6}},"26":{"start":{"line":27,"column":0},"end":{"line":27,"column":6}},"27":{"start":{"line":28,"column":0},"end":{"line":28,"column":6}},"28":{"start":{"line":29,"column":0},"end":{"line":29,"column":6}},"29":{"start":{"line":30,"column":0},"end":{"line":30,"column":6}},"30":{"start":{"line":31,"column":0},"end":{"line":31,"column":6}},"31":{"start":{"line":32,"column":0},"end":{"line":32,"column":6}},"32":{"start":{"line":33,"column":0},"end":{"line":33,"column":6}},"33":{"start":{"line":34,"column":0},"end":{"line":34,"column":6}},"34":{"start":{"line":35,"column":0},"end":{"line":35,"column":6}},"35":{"start":{"line":36,"column":0},"end":{"line":36,"column":6}},"36":{"start":{"line":37,"column":0},"end":{"line":37,"column":6}},"37":{"start":{"line":38,"column":0},"end":{"line":38,"column":2}},"39":{"start":{"line":40,"column":0},"end":{"line":40,"column":98}},"42":{"start":{"line":43,"column":0},"end":{"line":43,"column":12}},"43":{"start":{"line":44,"column":0},"end":{"line":44,"column":116}},"45":{"start":{"line":46,"column":0},"end":{"line":46,"column":40}},"46":{"start":{"line":47,"column":0},"end":{"line":47,"column":61}},"47":{"start":{"line":48,"column":0},"end":{"line":48,"column":20}},"48":{"start":{"line":49,"column":0},"end":{"line":49,"column":23}},"49":{"start":{"line":50,"column":0},"end":{"line":50,"column":31}},"50":{"start":{"line":51,"column":0},"end":{"line":51,"column":49}},"51":{"start":{"line":52,"column":0},"end":{"line":52,"column":139}},"52":{"start":{"line":53,"column":0},"end":{"line":53,"column":72}},"53":{"start":{"line":54,"column":0},"end":{"line":54,"column":48}},"55":{"start":{"line":56,"column":0},"end":{"line":56,"column":26}},"56":{"start":{"line":57,"column":0},"end":{"line":57,"column":25}},"58":{"start":{"line":59,"column":0},"end":{"line":59,"column":11}},"59":{"start":{"line":60,"column":0},"end":{"line":60,"column":16}},"62":{"start":{"line":63,"column":0},"end":{"line":63,"column":1}}},"s":{"0":1,"10":1,"11":1,"12":1,"13":1,"14":1,"15":1,"16":1,"17":1,"18":1,"19":1,"20":1,"21":1,"22":1,"23":1,"24":1,"25":1,"26":1,"27":1,"28":1,"29":1,"30":1,"31":1,"32":1,"33":1,"34":1,"35":1,"36":1,"37":1,"39":20,"42":20,"43":20,"45":20,"46":520,"47":520,"48":520,"49":520,"50":520,"51":520,"52":520,"53":520,"55":520,"56":520,"58":20,"59":20,"62":20},"branchMap":{"0":{"type":"branch","line":40,"loc":{"start":{"line":40,"column":0},"end":{"line":63,"column":1}},"locations":[{"start":{"line":40,"column":0},"end":{"line":63,"column":1}}]},"1":{"type":"branch","line":46,"loc":{"start":{"line":46,"column":22},"end":{"line":59,"column":9}},"locations":[{"start":{"line":46,"column":22},"end":{"line":59,"column":9}}]},"2":{"type":"branch","line":52,"loc":{"start":{"line":52,"column":80},"end":{"line":52,"column":137}},"locations":[{"start":{"line":52,"column":80},"end":{"line":52,"column":137}}]},"3":{"type":"branch","line":53,"loc":{"start":{"line":53,"column":30},"end":{"line":53,"column":72}},"locations":[{"start":{"line":53,"column":30},"end":{"line":53,"column":72}}]},"4":{"type":"branch","line":51,"loc":{"start":{"line":51,"column":29},"end":{"line":51,"column":49}},"locations":[{"start":{"line":51,"column":29},"end":{"line":51,"column":49}}]}},"b":{"0":[20],"1":[520],"2":[46],"3":[474],"4":[12]},"fnMap":{"0":{"name":"Keyboard","decl":{"start":{"line":40,"column":0},"end":{"line":63,"column":1}},"loc":{"start":{"line":40,"column":0},"end":{"line":63,"column":1}},"line":40},"1":{"name":"onClick","decl":{"start":{"line":51,"column":29},"end":{"line":51,"column":49}},"loc":{"start":{"line":51,"column":29},"end":{"line":51,"column":49}},"line":51}},"f":{"0":20,"1":12}}
,"/Users/celiastabile/Desktop/minigames/minigames/src/games/Wordsearch/Wordsearch.tsx": {"path":"/Users/celiastabile/Desktop/minigames/minigames/src/games/Wordsearch/Wordsearch.tsx","all":false,"statementMap":{"0":{"start":{"line":1,"column":0},"end":{"line":1,"column":44}},"1":{"start":{"line":2,"column":0},"end":{"line":2,"column":24}},"2":{"start":{"line":3,"column":0},"end":{"line":3,"column":38}},"3":{"start":{"line":4,"column":0},"end":{"line":4,"column":60}},"4":{"start":{"line":5,"column":0},"end":{"line":5,"column":52}},"5":{"start":{"line":6,"column":0},"end":{"line":6,"column":59}},"11":{"start":{"line":12,"column":0},"end":{"line":12,"column":38}},"13":{"start":{"line":14,"column":0},"end":{"line":14,"column":58}},"14":{"start":{"line":15,"column":0},"end":{"line":15,"column":50}},"15":{"start":{"line":16,"column":0},"end":{"line":16,"column":51}},"16":{"start":{"line":17,"column":0},"end":{"line":17,"column":62}},"17":{"start":{"line":18,"column":0},"end":{"line":18,"column":4}},"18":{"start":{"line":19,"column":0},"end":{"line":19,"column":33}},"21":{"start":{"line":22,"column":0},"end":{"line":22,"column":68}},"22":{"start":{"line":23,"column":0},"end":{"line":23,"column":64}},"23":{"start":{"line":24,"column":0},"end":{"line":24,"column":78}},"24":{"start":{"line":25,"column":0},"end":{"line":25,"column":67}},"26":{"start":{"line":27,"column":0},"end":{"line":27,"column":10}},"27":{"start":{"line":28,"column":0},"end":{"line":28,"column":70}},"28":{"start":{"line":29,"column":0},"end":{"line":29,"column":70}},"31":{"start":{"line":32,"column":0},"end":{"line":32,"column":46}},"32":{"start":{"line":33,"column":0},"end":{"line":33,"column":21}},"33":{"start":{"line":34,"column":0},"end":{"line":34,"column":27}},"34":{"start":{"line":35,"column":0},"end":{"line":35,"column":26}},"35":{"start":{"line":36,"column":0},"end":{"line":36,"column":25}},"36":{"start":{"line":37,"column":0},"end":{"line":37,"column":12}},"37":{"start":{"line":38,"column":0},"end":{"line":38,"column":27}},"38":{"start":{"line":39,"column":0},"end":{"line":39,"column":23}},"39":{"start":{"line":40,"column":0},"end":{"line":40,"column":5}},"40":{"start":{"line":41,"column":0},"end":{"line":41,"column":3}},"43":{"start":{"line":44,"column":0},"end":{"line":44,"column":23}},"44":{"start":{"line":45,"column":0},"end":{"line":45,"column":24}},"45":{"start":{"line":46,"column":0},"end":{"line":46,"column":22}},"46":{"start":{"line":47,"column":0},"end":{"line":47,"column":20}},"47":{"start":{"line":48,"column":0},"end":{"line":48,"column":48}},"49":{"start":{"line":50,"column":0},"end":{"line":50,"column":43}},"50":{"start":{"line":51,"column":0},"end":{"line":51,"column":37}},"54":{"start":{"line":55,"column":0},"end":{"line":55,"column":48}},"55":{"start":{"line":56,"column":0},"end":{"line":56,"column":48}},"58":{"start":{"line":59,"column":0},"end":{"line":59,"column":48}},"59":{"start":{"line":60,"column":0},"end":{"line":60,"column":48}},"62":{"start":{"line":63,"column":0},"end":{"line":63,"column":79}},"63":{"start":{"line":64,"column":0},"end":{"line":64,"column":26}},"64":{"start":{"line":65,"column":0},"end":{"line":65,"column":46}},"65":{"start":{"line":66,"column":0},"end":{"line":66,"column":18}},"66":{"start":{"line":67,"column":0},"end":{"line":67,"column":5}},"68":{"start":{"line":69,"column":0},"end":{"line":69,"column":18}},"69":{"start":{"line":70,"column":0},"end":{"line":70,"column":30}},"70":{"start":{"line":71,"column":0},"end":{"line":71,"column":30}},"71":{"start":{"line":72,"column":0},"end":{"line":72,"column":32}},"74":{"start":{"line":75,"column":0},"end":{"line":75,"column":78}},"75":{"start":{"line":76,"column":0},"end":{"line":76,"column":43}},"76":{"start":{"line":77,"column":0},"end":{"line":77,"column":42}},"77":{"start":{"line":78,"column":0},"end":{"line":78,"column":27}},"78":{"start":{"line":79,"column":0},"end":{"line":79,"column":27}},"79":{"start":{"line":80,"column":0},"end":{"line":80,"column":5}},"81":{"start":{"line":82,"column":0},"end":{"line":82,"column":26}},"82":{"start":{"line":83,"column":0},"end":{"line":83,"column":3}},"84":{"start":{"line":85,"column":0},"end":{"line":85,"column":44}},"86":{"start":{"line":87,"column":0},"end":{"line":87,"column":55}},"89":{"start":{"line":90,"column":0},"end":{"line":90,"column":36}},"90":{"start":{"line":91,"column":0},"end":{"line":91,"column":60}},"91":{"start":{"line":92,"column":0},"end":{"line":92,"column":6}},"94":{"start":{"line":95,"column":0},"end":{"line":95,"column":40}},"96":{"start":{"line":97,"column":0},"end":{"line":97,"column":27}},"97":{"start":{"line":98,"column":0},"end":{"line":98,"column":26}},"98":{"start":{"line":99,"column":0},"end":{"line":99,"column":72}},"99":{"start":{"line":100,"column":0},"end":{"line":100,"column":9}},"100":{"start":{"line":101,"column":0},"end":{"line":101,"column":8}},"101":{"start":{"line":102,"column":0},"end":{"line":102,"column":18}},"102":{"start":{"line":103,"column":0},"end":{"line":103,"column":5}},"104":{"start":{"line":105,"column":0},"end":{"line":105,"column":17}},"105":{"start":{"line":106,"column":0},"end":{"line":106,"column":3}},"108":{"start":{"line":109,"column":0},"end":{"line":109,"column":19}},"109":{"start":{"line":110,"column":0},"end":{"line":110,"column":31}},"111":{"start":{"line":112,"column":0},"end":{"line":112,"column":59}},"114":{"start":{"line":115,"column":0},"end":{"line":115,"column":19}},"115":{"start":{"line":116,"column":0},"end":{"line":116,"column":50}},"118":{"start":{"line":119,"column":0},"end":{"line":119,"column":26}},"119":{"start":{"line":120,"column":0},"end":{"line":120,"column":47}},"120":{"start":{"line":121,"column":0},"end":{"line":121,"column":68}},"121":{"start":{"line":122,"column":0},"end":{"line":122,"column":16}},"122":{"start":{"line":123,"column":0},"end":{"line":123,"column":40}},"123":{"start":{"line":124,"column":0},"end":{"line":124,"column":9}},"124":{"start":{"line":125,"column":0},"end":{"line":125,"column":7}},"127":{"start":{"line":128,"column":0},"end":{"line":128,"column":40}},"128":{"start":{"line":129,"column":0},"end":{"line":129,"column":27}},"129":{"start":{"line":130,"column":0},"end":{"line":130,"column":25}},"130":{"start":{"line":131,"column":0},"end":{"line":131,"column":31}},"131":{"start":{"line":132,"column":0},"end":{"line":132,"column":38}},"132":{"start":{"line":133,"column":0},"end":{"line":133,"column":15}},"134":{"start":{"line":135,"column":0},"end":{"line":135,"column":41}},"135":{"start":{"line":136,"column":0},"end":{"line":136,"column":5}},"136":{"start":{"line":137,"column":0},"end":{"line":137,"column":16}},"139":{"start":{"line":140,"column":0},"end":{"line":140,"column":19}},"140":{"start":{"line":141,"column":0},"end":{"line":141,"column":67}},"141":{"start":{"line":142,"column":0},"end":{"line":142,"column":17}},"145":{"start":{"line":146,"column":0},"end":{"line":146,"column":19}},"146":{"start":{"line":147,"column":0},"end":{"line":147,"column":76}},"147":{"start":{"line":148,"column":0},"end":{"line":148,"column":19}},"149":{"start":{"line":150,"column":0},"end":{"line":150,"column":35}},"150":{"start":{"line":151,"column":0},"end":{"line":151,"column":66}},"151":{"start":{"line":152,"column":0},"end":{"line":152,"column":29}},"152":{"start":{"line":153,"column":0},"end":{"line":153,"column":23}},"153":{"start":{"line":154,"column":0},"end":{"line":154,"column":23}},"154":{"start":{"line":155,"column":0},"end":{"line":155,"column":21}},"155":{"start":{"line":156,"column":0},"end":{"line":156,"column":27}},"156":{"start":{"line":157,"column":0},"end":{"line":157,"column":34}},"157":{"start":{"line":158,"column":0},"end":{"line":158,"column":3}},"159":{"start":{"line":160,"column":0},"end":{"line":160,"column":27}},"160":{"start":{"line":161,"column":0},"end":{"line":161,"column":34}},"161":{"start":{"line":162,"column":0},"end":{"line":162,"column":23}},"162":{"start":{"line":163,"column":0},"end":{"line":163,"column":4}},"164":{"start":{"line":165,"column":0},"end":{"line":165,"column":10}},"165":{"start":{"line":166,"column":0},"end":{"line":166,"column":6}},"166":{"start":{"line":167,"column":0},"end":{"line":167,"column":115}},"167":{"start":{"line":168,"column":0},"end":{"line":168,"column":40}},"168":{"start":{"line":169,"column":0},"end":{"line":169,"column":33}},"169":{"start":{"line":170,"column":0},"end":{"line":170,"column":58}},"170":{"start":{"line":171,"column":0},"end":{"line":171,"column":37}},"172":{"start":{"line":173,"column":0},"end":{"line":173,"column":34}},"173":{"start":{"line":174,"column":0},"end":{"line":174,"column":34}},"174":{"start":{"line":175,"column":0},"end":{"line":175,"column":77}},"177":{"start":{"line":178,"column":0},"end":{"line":178,"column":33}},"178":{"start":{"line":179,"column":0},"end":{"line":179,"column":41}},"179":{"start":{"line":180,"column":0},"end":{"line":180,"column":44}},"180":{"start":{"line":181,"column":0},"end":{"line":181,"column":58}},"181":{"start":{"line":182,"column":0},"end":{"line":182,"column":20}},"184":{"start":{"line":185,"column":0},"end":{"line":185,"column":35}},"185":{"start":{"line":186,"column":0},"end":{"line":186,"column":30}},"186":{"start":{"line":187,"column":0},"end":{"line":187,"column":73}},"189":{"start":{"line":190,"column":0},"end":{"line":190,"column":77}},"191":{"start":{"line":192,"column":0},"end":{"line":192,"column":40}},"192":{"start":{"line":193,"column":0},"end":{"line":193,"column":32}},"193":{"start":{"line":194,"column":0},"end":{"line":194,"column":56}},"194":{"start":{"line":195,"column":0},"end":{"line":195,"column":40}},"195":{"start":{"line":196,"column":0},"end":{"line":196,"column":53}},"196":{"start":{"line":197,"column":0},"end":{"line":197,"column":37}},"197":{"start":{"line":198,"column":0},"end":{"line":198,"column":53}},"198":{"start":{"line":199,"column":0},"end":{"line":199,"column":41}},"199":{"start":{"line":200,"column":0},"end":{"line":200,"column":55}},"200":{"start":{"line":201,"column":0},"end":{"line":201,"column":24}},"201":{"start":{"line":202,"column":0},"end":{"line":202,"column":55}},"202":{"start":{"line":203,"column":0},"end":{"line":203,"column":17}},"204":{"start":{"line":205,"column":0},"end":{"line":205,"column":24}},"205":{"start":{"line":206,"column":0},"end":{"line":206,"column":29}},"206":{"start":{"line":207,"column":0},"end":{"line":207,"column":37}},"207":{"start":{"line":208,"column":0},"end":{"line":208,"column":99}},"208":{"start":{"line":209,"column":0},"end":{"line":209,"column":37}},"209":{"start":{"line":210,"column":0},"end":{"line":210,"column":23}},"210":{"start":{"line":211,"column":0},"end":{"line":211,"column":50}},"211":{"start":{"line":212,"column":0},"end":{"line":212,"column":27}},"212":{"start":{"line":213,"column":0},"end":{"line":213,"column":53}},"213":{"start":{"line":214,"column":0},"end":{"line":214,"column":29}},"214":{"start":{"line":215,"column":0},"end":{"line":215,"column":31}},"215":{"start":{"line":216,"column":0},"end":{"line":216,"column":48}},"216":{"start":{"line":217,"column":0},"end":{"line":217,"column":36}},"217":{"start":{"line":218,"column":0},"end":{"line":218,"column":50}},"218":{"start":{"line":219,"column":0},"end":{"line":219,"column":33}},"219":{"start":{"line":220,"column":0},"end":{"line":220,"column":49}},"220":{"start":{"line":221,"column":0},"end":{"line":221,"column":35}},"222":{"start":{"line":223,"column":0},"end":{"line":223,"column":33}},"223":{"start":{"line":224,"column":0},"end":{"line":224,"column":36}},"224":{"start":{"line":225,"column":0},"end":{"line":225,"column":64}},"225":{"start":{"line":226,"column":0},"end":{"line":226,"column":22}},"227":{"start":{"line":228,"column":0},"end":{"line":228,"column":34}},"228":{"start":{"line":229,"column":0},"end":{"line":229,"column":31}},"230":{"start":{"line":231,"column":0},"end":{"line":231,"column":17}},"231":{"start":{"line":232,"column":0},"end":{"line":232,"column":18}},"232":{"start":{"line":233,"column":0},"end":{"line":233,"column":13}},"233":{"start":{"line":234,"column":0},"end":{"line":234,"column":51}},"234":{"start":{"line":235,"column":0},"end":{"line":235,"column":14}},"235":{"start":{"line":236,"column":0},"end":{"line":236,"column":16}},"236":{"start":{"line":237,"column":0},"end":{"line":237,"column":46}},"237":{"start":{"line":238,"column":0},"end":{"line":238,"column":62}},"238":{"start":{"line":239,"column":0},"end":{"line":239,"column":38}},"239":{"start":{"line":240,"column":0},"end":{"line":240,"column":21}},"240":{"start":{"line":241,"column":0},"end":{"line":241,"column":21}},"241":{"start":{"line":242,"column":0},"end":{"line":242,"column":30}},"242":{"start":{"line":243,"column":0},"end":{"line":243,"column":58}},"243":{"start":{"line":244,"column":0},"end":{"line":244,"column":29}},"244":{"start":{"line":245,"column":0},"end":{"line":245,"column":16}},"245":{"start":{"line":246,"column":0},"end":{"line":246,"column":71}},"247":{"start":{"line":248,"column":0},"end":{"line":248,"column":25}},"248":{"start":{"line":249,"column":0},"end":{"line":249,"column":23}},"249":{"start":{"line":250,"column":0},"end":{"line":250,"column":13}},"250":{"start":{"line":251,"column":0},"end":{"line":251,"column":14}},"251":{"start":{"line":252,"column":0},"end":{"line":252,"column":64}},"252":{"start":{"line":253,"column":0},"end":{"line":253,"column":62}},"253":{"start":{"line":254,"column":0},"end":{"line":254,"column":14}},"254":{"start":{"line":255,"column":0},"end":{"line":255,"column":16}},"255":{"start":{"line":256,"column":0},"end":{"line":256,"column":7}},"257":{"start":{"line":258,"column":0},"end":{"line":258,"column":1}}},"s":{"0":1,"1":1,"2":1,"3":1,"4":1,"5":1,"11":28,"13":28,"14":28,"15":28,"16":28,"17":28,"18":28,"21":28,"22":28,"23":28,"24":28,"26":28,"27":28,"28":28,"31":28,"32":10,"33":4,"34":10,"35":5,"36":6,"37":1,"38":1,"39":1,"40":10,"43":28,"44":5,"45":5,"46":5,"47":5,"49":5,"50":5,"54":5,"55":5,"58":5,"59":5,"62":5,"63":5,"64":0,"65":0,"66":0,"68":5,"69":5,"70":5,"71":5,"74":5,"75":14,"76":14,"77":14,"78":14,"79":14,"81":5,"82":5,"84":28,"86":5,"89":5,"90":5,"91":5,"94":5,"96":3,"97":3,"98":6,"99":3,"100":3,"101":3,"102":3,"104":2,"105":5,"108":28,"109":11,"111":5,"114":5,"115":5,"118":5,"119":3,"120":3,"121":5,"122":2,"123":2,"124":5,"127":5,"128":0,"129":0,"130":0,"131":0,"132":5,"134":5,"135":5,"136":28,"139":28,"140":14,"141":28,"145":28,"146":6,"147":28,"149":28,"150":1,"151":1,"152":1,"153":1,"154":1,"155":1,"156":1,"157":1,"159":28,"160":28,"161":28,"162":28,"164":28,"165":28,"166":28,"167":28,"168":28,"169":84,"170":84,"172":252,"173":252,"174":18,"177":252,"178":252,"179":54,"180":54,"181":54,"184":252,"185":252,"186":54,"189":252,"191":252,"192":252,"193":18,"194":252,"195":5,"196":234,"197":8,"198":229,"199":4,"200":221,"201":217,"202":217,"204":252,"205":252,"206":252,"207":252,"208":252,"209":252,"210":252,"211":252,"212":252,"213":252,"214":252,"215":18,"216":234,"217":5,"218":229,"219":8,"220":221,"222":252,"223":252,"224":252,"225":252,"227":252,"228":252,"230":84,"231":84,"232":28,"233":28,"234":28,"235":28,"236":28,"237":28,"238":28,"239":55,"240":55,"241":55,"242":55,"243":55,"244":55,"245":55,"247":55,"248":55,"249":28,"250":28,"251":28,"252":28,"253":28,"254":28,"255":28,"257":28},"branchMap":{"0":{"type":"branch","line":12,"loc":{"start":{"line":12,"column":0},"end":{"line":258,"column":1}},"locations":[{"start":{"line":12,"column":0},"end":{"line":258,"column":1}}]},"1":{"type":"branch","line":17,"loc":{"start":{"line":17,"column":27},"end":{"line":17,"column":61}},"locations":[{"start":{"line":17,"column":27},"end":{"line":17,"column":61}}]},"2":{"type":"branch","line":32,"loc":{"start":{"line":32,"column":2},"end":{"line":41,"column":3}},"locations":[{"start":{"line":32,"column":2},"end":{"line":41,"column":3}}]},"3":{"type":"branch","line":33,"loc":{"start":{"line":33,"column":20},"end":{"line":35,"column":15}},"locations":[{"start":{"line":33,"column":20},"end":{"line":35,"column":15}}]},"4":{"type":"branch","line":35,"loc":{"start":{"line":35,"column":4},"end":{"line":40,"column":5}},"locations":[{"start":{"line":35,"column":4},"end":{"line":40,"column":5}}]},"5":{"type":"branch","line":35,"loc":{"start":{"line":35,"column":25},"end":{"line":37,"column":11}},"locations":[{"start":{"line":35,"column":25},"end":{"line":37,"column":11}}]},"6":{"type":"branch","line":37,"loc":{"start":{"line":37,"column":4},"end":{"line":40,"column":5}},"locations":[{"start":{"line":37,"column":4},"end":{"line":40,"column":5}}]},"7":{"type":"branch","line":44,"loc":{"start":{"line":44,"column":2},"end":{"line":83,"column":3}},"locations":[{"start":{"line":44,"column":2},"end":{"line":83,"column":3}}]},"8":{"type":"branch","line":63,"loc":{"start":{"line":63,"column":38},"end":{"line":63,"column":59}},"locations":[{"start":{"line":63,"column":38},"end":{"line":63,"column":59}}]},"9":{"type":"branch","line":63,"loc":{"start":{"line":63,"column":54},"end":{"line":63,"column":79}},"locations":[{"start":{"line":63,"column":54},"end":{"line":63,"column":79}}]},"10":{"type":"branch","line":64,"loc":{"start":{"line":64,"column":25},"end":{"line":67,"column":5}},"locations":[{"start":{"line":64,"column":25},"end":{"line":67,"column":5}}]},"11":{"type":"branch","line":75,"loc":{"start":{"line":75,"column":35},"end":{"line":75,"column":77}},"locations":[{"start":{"line":75,"column":35},"end":{"line":75,"column":77}}]},"12":{"type":"branch","line":75,"loc":{"start":{"line":75,"column":77},"end":{"line":80,"column":5}},"locations":[{"start":{"line":75,"column":77},"end":{"line":80,"column":5}}]},"13":{"type":"branch","line":85,"loc":{"start":{"line":85,"column":2},"end":{"line":106,"column":3}},"locations":[{"start":{"line":85,"column":2},"end":{"line":106,"column":3}}]},"14":{"type":"branch","line":95,"loc":{"start":{"line":95,"column":8},"end":{"line":95,"column":39}},"locations":[{"start":{"line":95,"column":8},"end":{"line":95,"column":39}}]},"15":{"type":"branch","line":95,"loc":{"start":{"line":95,"column":39},"end":{"line":103,"column":5}},"locations":[{"start":{"line":95,"column":39},"end":{"line":103,"column":5}}]},"16":{"type":"branch","line":103,"loc":{"start":{"line":103,"column":4},"end":{"line":105,"column":17}},"locations":[{"start":{"line":103,"column":4},"end":{"line":105,"column":17}}]},"17":{"type":"branch","line":91,"loc":{"start":{"line":91,"column":6},"end":{"line":91,"column":60}},"locations":[{"start":{"line":91,"column":6},"end":{"line":91,"column":60}}]},"18":{"type":"branch","line":91,"loc":{"start":{"line":91,"column":30},"end":{"line":91,"column":60}},"locations":[{"start":{"line":91,"column":30},"end":{"line":91,"column":60}}]},"19":{"type":"branch","line":97,"loc":{"start":{"line":97,"column":18},"end":{"line":100,"column":9}},"locations":[{"start":{"line":97,"column":18},"end":{"line":100,"column":9}}]},"20":{"type":"branch","line":98,"loc":{"start":{"line":98,"column":17},"end":{"line":99,"column":72}},"locations":[{"start":{"line":98,"column":17},"end":{"line":99,"column":72}}]},"21":{"type":"branch","line":99,"loc":{"start":{"line":99,"column":34},"end":{"line":99,"column":68}},"locations":[{"start":{"line":99,"column":34},"end":{"line":99,"column":68}}]},"22":{"type":"branch","line":99,"loc":{"start":{"line":99,"column":64},"end":{"line":99,"column":72}},"locations":[{"start":{"line":99,"column":64},"end":{"line":99,"column":72}}]},"23":{"type":"branch","line":109,"loc":{"start":{"line":109,"column":12},"end":{"line":137,"column":5}},"locations":[{"start":{"line":109,"column":12},"end":{"line":137,"column":5}}]},"24":{"type":"branch","line":110,"loc":{"start":{"line":110,"column":8},"end":{"line":110,"column":30}},"locations":[{"start":{"line":110,"column":8},"end":{"line":110,"column":30}}]},"25":{"type":"branch","line":110,"loc":{"start":{"line":110,"column":30},"end":{"line":136,"column":5}},"locations":[{"start":{"line":110,"column":30},"end":{"line":136,"column":5}}]},"26":{"type":"branch","line":119,"loc":{"start":{"line":119,"column":25},"end":{"line":122,"column":15}},"locations":[{"start":{"line":119,"column":25},"end":{"line":122,"column":15}}]},"27":{"type":"branch","line":122,"loc":{"start":{"line":122,"column":8},"end":{"line":124,"column":9}},"locations":[{"start":{"line":122,"column":8},"end":{"line":124,"column":9}}]},"28":{"type":"branch","line":121,"loc":{"start":{"line":121,"column":23},"end":{"line":121,"column":66}},"locations":[{"start":{"line":121,"column":23},"end":{"line":121,"column":66}}]},"29":{"type":"branch","line":121,"loc":{"start":{"line":121,"column":38},"end":{"line":121,"column":51}},"locations":[{"start":{"line":121,"column":38},"end":{"line":121,"column":51}}]},"30":{"type":"branch","line":135,"loc":{"start":{"line":135,"column":13},"end":{"line":135,"column":41}},"locations":[{"start":{"line":135,"column":13},"end":{"line":135,"column":41}}]},"31":{"type":"branch","line":140,"loc":{"start":{"line":140,"column":12},"end":{"line":142,"column":5}},"locations":[{"start":{"line":140,"column":12},"end":{"line":142,"column":5}}]},"32":{"type":"branch","line":141,"loc":{"start":{"line":141,"column":46},"end":{"line":141,"column":67}},"locations":[{"start":{"line":141,"column":46},"end":{"line":141,"column":67}}]},"33":{"type":"branch","line":141,"loc":{"start":{"line":141,"column":23},"end":{"line":141,"column":43}},"locations":[{"start":{"line":141,"column":23},"end":{"line":141,"column":43}}]},"34":{"type":"branch","line":146,"loc":{"start":{"line":146,"column":12},"end":{"line":148,"column":5}},"locations":[{"start":{"line":146,"column":12},"end":{"line":148,"column":5}}]},"35":{"type":"branch","line":147,"loc":{"start":{"line":147,"column":39},"end":{"line":147,"column":73}},"locations":[{"start":{"line":147,"column":39},"end":{"line":147,"column":73}}]},"36":{"type":"branch","line":150,"loc":{"start":{"line":150,"column":2},"end":{"line":158,"column":3}},"locations":[{"start":{"line":150,"column":2},"end":{"line":158,"column":3}}]},"37":{"type":"branch","line":151,"loc":{"start":{"line":151,"column":18},"end":{"line":151,"column":64}},"locations":[{"start":{"line":151,"column":18},"end":{"line":151,"column":64}}]},"38":{"type":"branch","line":169,"loc":{"start":{"line":169,"column":20},"end":{"line":232,"column":18}},"locations":[{"start":{"line":169,"column":20},"end":{"line":232,"column":18}}]},"39":{"type":"branch","line":171,"loc":{"start":{"line":171,"column":23},"end":{"line":231,"column":15}},"locations":[{"start":{"line":171,"column":23},"end":{"line":231,"column":15}}]},"40":{"type":"branch","line":174,"loc":{"start":{"line":174,"column":18},"end":{"line":175,"column":77}},"locations":[{"start":{"line":174,"column":18},"end":{"line":175,"column":77}}]},"41":{"type":"branch","line":179,"loc":{"start":{"line":179,"column":18},"end":{"line":182,"column":20}},"locations":[{"start":{"line":179,"column":18},"end":{"line":182,"column":20}}]},"42":{"type":"branch","line":186,"loc":{"start":{"line":186,"column":18},"end":{"line":187,"column":73}},"locations":[{"start":{"line":186,"column":18},"end":{"line":187,"column":73}}]},"43":{"type":"branch","line":190,"loc":{"start":{"line":190,"column":32},"end":{"line":190,"column":51}},"locations":[{"start":{"line":190,"column":32},"end":{"line":190,"column":51}}]},"44":{"type":"branch","line":190,"loc":{"start":{"line":190,"column":51},"end":{"line":190,"column":77}},"locations":[{"start":{"line":190,"column":51},"end":{"line":190,"column":77}}]},"45":{"type":"branch","line":193,"loc":{"start":{"line":193,"column":31},"end":{"line":195,"column":27}},"locations":[{"start":{"line":193,"column":31},"end":{"line":195,"column":27}}]},"46":{"type":"branch","line":195,"loc":{"start":{"line":195,"column":16},"end":{"line":203,"column":17}},"locations":[{"start":{"line":195,"column":16},"end":{"line":203,"column":17}}]},"47":{"type":"branch","line":195,"loc":{"start":{"line":195,"column":39},"end":{"line":197,"column":27}},"locations":[{"start":{"line":195,"column":39},"end":{"line":197,"column":27}}]},"48":{"type":"branch","line":197,"loc":{"start":{"line":197,"column":16},"end":{"line":203,"column":17}},"locations":[{"start":{"line":197,"column":16},"end":{"line":203,"column":17}}]},"49":{"type":"branch","line":197,"loc":{"start":{"line":197,"column":36},"end":{"line":199,"column":27}},"locations":[{"start":{"line":197,"column":36},"end":{"line":199,"column":27}}]},"50":{"type":"branch","line":199,"loc":{"start":{"line":199,"column":16},"end":{"line":203,"column":17}},"locations":[{"start":{"line":199,"column":16},"end":{"line":203,"column":17}}]},"51":{"type":"branch","line":199,"loc":{"start":{"line":199,"column":40},"end":{"line":201,"column":23}},"locations":[{"start":{"line":199,"column":40},"end":{"line":201,"column":23}}]},"52":{"type":"branch","line":201,"loc":{"start":{"line":201,"column":16},"end":{"line":203,"column":17}},"locations":[{"start":{"line":201,"column":16},"end":{"line":203,"column":17}}]},"53":{"type":"branch","line":215,"loc":{"start":{"line":215,"column":22},"end":{"line":216,"column":48}},"locations":[{"start":{"line":215,"column":22},"end":{"line":216,"column":48}}]},"54":{"type":"branch","line":216,"loc":{"start":{"line":216,"column":47},"end":{"line":221,"column":35}},"locations":[{"start":{"line":216,"column":47},"end":{"line":221,"column":35}}]},"55":{"type":"branch","line":217,"loc":{"start":{"line":217,"column":26},"end":{"line":218,"column":50}},"locations":[{"start":{"line":217,"column":26},"end":{"line":218,"column":50}}]},"56":{"type":"branch","line":218,"loc":{"start":{"line":218,"column":49},"end":{"line":221,"column":35}},"locations":[{"start":{"line":218,"column":49},"end":{"line":221,"column":35}}]},"57":{"type":"branch","line":219,"loc":{"start":{"line":219,"column":26},"end":{"line":220,"column":49}},"locations":[{"start":{"line":219,"column":26},"end":{"line":220,"column":49}}]},"58":{"type":"branch","line":220,"loc":{"start":{"line":220,"column":48},"end":{"line":221,"column":35}},"locations":[{"start":{"line":220,"column":48},"end":{"line":221,"column":35}}]},"59":{"type":"branch","line":225,"loc":{"start":{"line":225,"column":28},"end":{"line":225,"column":54}},"locations":[{"start":{"line":225,"column":28},"end":{"line":225,"column":54}}]},"60":{"type":"branch","line":225,"loc":{"start":{"line":225,"column":40},"end":{"line":225,"column":64}},"locations":[{"start":{"line":225,"column":40},"end":{"line":225,"column":64}}]},"61":{"type":"branch","line":175,"loc":{"start":{"line":175,"column":37},"end":{"line":175,"column":75}},"locations":[{"start":{"line":175,"column":37},"end":{"line":175,"column":75}}]},"62":{"type":"branch","line":175,"loc":{"start":{"line":175,"column":61},"end":{"line":175,"column":75}},"locations":[{"start":{"line":175,"column":61},"end":{"line":175,"column":75}}]},"63":{"type":"branch","line":181,"loc":{"start":{"line":181,"column":20},"end":{"line":181,"column":58}},"locations":[{"start":{"line":181,"column":20},"end":{"line":181,"column":58}}]},"64":{"type":"branch","line":181,"loc":{"start":{"line":181,"column":44},"end":{"line":181,"column":58}},"locations":[{"start":{"line":181,"column":44},"end":{"line":181,"column":58}}]},"65":{"type":"branch","line":187,"loc":{"start":{"line":187,"column":33},"end":{"line":187,"column":71}},"locations":[{"start":{"line":187,"column":33},"end":{"line":187,"column":71}}]},"66":{"type":"branch","line":187,"loc":{"start":{"line":187,"column":57},"end":{"line":187,"column":71}},"locations":[{"start":{"line":187,"column":57},"end":{"line":187,"column":71}}]},"67":{"type":"branch","line":213,"loc":{"start":{"line":213,"column":29},"end":{"line":213,"column":53}},"locations":[{"start":{"line":213,"column":29},"end":{"line":213,"column":53}}]},"68":{"type":"branch","line":239,"loc":{"start":{"line":239,"column":24},"end":{"line":249,"column":23}},"locations":[{"start":{"line":239,"column":24},"end":{"line":249,"column":23}}]},"69":{"type":"branch","line":243,"loc":{"start":{"line":243,"column":21},"end":{"line":243,"column":58}},"locations":[{"start":{"line":243,"column":21},"end":{"line":243,"column":58}}]},"70":{"type":"branch","line":246,"loc":{"start":{"line":246,"column":28},"end":{"line":246,"column":61}},"locations":[{"start":{"line":246,"column":28},"end":{"line":246,"column":61}}]},"71":{"type":"branch","line":246,"loc":{"start":{"line":246,"column":57},"end":{"line":246,"column":71}},"locations":[{"start":{"line":246,"column":57},"end":{"line":246,"column":71}}]}},"b":{"0":[28],"1":[54],"2":[10],"3":[4],"4":[6],"5":[5],"6":[1],"7":[5],"8":[2],"9":[1],"10":[0],"11":[14],"12":[14],"13":[5],"14":[3],"15":[3],"16":[2],"17":[8],"18":[5],"19":[3],"20":[6],"21":[3],"22":[3],"23":[11],"24":[5],"25":[5],"26":[3],"27":[2],"28":[3],"29":[2],"30":[5],"31":[14],"32":[1],"33":[17],"34":[6],"35":[11],"36":[1],"37":[1],"38":[84],"39":[252],"40":[18],"41":[54],"42":[54],"43":[144],"44":[48],"45":[18],"46":[234],"47":[5],"48":[229],"49":[8],"50":[221],"51":[4],"52":[217],"53":[18],"54":[234],"55":[5],"56":[229],"57":[8],"58":[221],"59":[18],"60":[234],"61":[41],"62":[12],"63":[144],"64":[42],"65":[178],"66":[48],"67":[10],"68":[55],"69":[8],"70":[8],"71":[47]},"fnMap":{"0":{"name":"WordSearch","decl":{"start":{"line":12,"column":0},"end":{"line":258,"column":1}},"loc":{"start":{"line":12,"column":0},"end":{"line":258,"column":1}},"line":12},"1":{"name":"handleClick","decl":{"start":{"line":32,"column":2},"end":{"line":41,"column":3}},"loc":{"start":{"line":32,"column":2},"end":{"line":41,"column":3}},"line":32},"2":{"name":"extractWord","decl":{"start":{"line":44,"column":2},"end":{"line":83,"column":3}},"loc":{"start":{"line":44,"column":2},"end":{"line":83,"column":3}},"line":44},"3":{"name":"findWord","decl":{"start":{"line":85,"column":2},"end":{"line":106,"column":3}},"loc":{"start":{"line":85,"column":2},"end":{"line":106,"column":3}},"line":85},"4":{"name":"handlePlayAgainClick","decl":{"start":{"line":150,"column":2},"end":{"line":158,"column":3}},"loc":{"start":{"line":150,"column":2},"end":{"line":158,"column":3}},"line":150},"5":{"name":"onClick","decl":{"start":{"line":213,"column":29},"end":{"line":213,"column":53}},"loc":{"start":{"line":213,"column":29},"end":{"line":213,"column":53}},"line":213}},"f":{"0":28,"1":10,"2":5,"3":5,"4":1,"5":10}}
}
